d:\advancedtechswarmai\advancedtechswarmai\x64\release\vc140.pdb
d:\advancedtechswarmai\advancedtechswarmai\x64\release\vbobject.obj
d:\advancedtechswarmai\advancedtechswarmai\x64\release\application.obj
d:\advancedtechswarmai\advancedtechswarmai\x64\release\shader.obj
d:\advancedtechswarmai\advancedtechswarmai\x64\release\scene.obj
d:\advancedtechswarmai\advancedtechswarmai\x64\release\main.obj
d:\advancedtechswarmai\advancedtechswarmai\x64\release\inputhandler.obj
d:\advancedtechswarmai\advancedtechswarmai\x64\release\graphicshandler.obj
d:\advancedtechswarmai\advancedtechswarmai\x64\release\direct3d.obj
d:\advancedtechswarmai\advancedtechswarmai\x64\release\camera.obj
d:\advancedtechswarmai\advancedtechswarmai\x64\release\gameobject.obj
d:\advancedtechswarmai\x64\release\advancedtechswarmai.exe
d:\advancedtechswarmai\x64\release\advancedtechswarmai.ipdb
d:\advancedtechswarmai\x64\release\advancedtechswarmai.iobj
d:\advancedtechswarmai\x64\release\advancedtechswarmai.pdb
d:\advancedtechswarmai\advancedtechswarmai\x64\release\object.obj
d:\advancedtechswarmai\advancedtechswarmai\x64\release\systemhandler.obj
d:\advancedtechswarmai\advancedtechswarmai\x64\release\advanced.170d255f.tlog\cl.command.1.tlog
d:\advancedtechswarmai\advancedtechswarmai\x64\release\advanced.170d255f.tlog\cl.read.1.tlog
d:\advancedtechswarmai\advancedtechswarmai\x64\release\advanced.170d255f.tlog\cl.write.1.tlog
d:\advancedtechswarmai\advancedtechswarmai\x64\release\advanced.170d255f.tlog\link.command.1.tlog
d:\advancedtechswarmai\advancedtechswarmai\x64\release\advanced.170d255f.tlog\link.read.1.tlog
d:\advancedtechswarmai\advancedtechswarmai\x64\release\advanced.170d255f.tlog\link.write.1.tlog
